#! /usr/local/Cellar/icarus-verilog/11.0/bin/vvp
:ivl_version "11.0 (stable)";
:ivl_delay_selection "TYPICAL";
:vpi_time_precision + 0;
:vpi_module "/usr/local/Cellar/icarus-verilog/11.0/lib/ivl/system.vpi";
:vpi_module "/usr/local/Cellar/icarus-verilog/11.0/lib/ivl/vhdl_sys.vpi";
:vpi_module "/usr/local/Cellar/icarus-verilog/11.0/lib/ivl/vhdl_textio.vpi";
:vpi_module "/usr/local/Cellar/icarus-verilog/11.0/lib/ivl/v2005_math.vpi";
:vpi_module "/usr/local/Cellar/icarus-verilog/11.0/lib/ivl/va_math.vpi";
S_0x7f9575806f30 .scope module, "test_FIFO" "test_FIFO" 2 3;
 .timescale 0 0;
v0x7f9575817ea0_0 .var "Din", 63 0;
v0x7f9575817f70_0 .net "Dout", 63 0, v0x7f9575817480_0;  1 drivers
v0x7f9575818000_0 .var "RE", 0 0;
v0x7f95758180b0_0 .var "WE", 0 0;
v0x7f9575818160_0 .var "clk_in", 0 0;
v0x7f9575818230_0 .var "clk_out", 0 0;
v0x7f95758182c0_0 .net "n_empty", 0 0, L_0x7f9575a061e0;  1 drivers
v0x7f9575818370_0 .net "n_full", 0 0, L_0x7f9575a0b360;  1 drivers
E_0x7f9575806940 .event edge, v0x7f9575817c30_0;
E_0x7f9575806b00 .event edge, v0x7f9575817cd0_0;
S_0x7f95758070a0 .scope module, "DUT1" "FIFO_64x4" 2 51, 3 3 0, S_0x7f9575806f30;
 .timescale 0 0;
    .port_info 0 /OUTPUT 1 "n_full";
    .port_info 1 /INPUT 64 "Din";
    .port_info 2 /OUTPUT 64 "Dout";
    .port_info 3 /INPUT 1 "clk_in";
    .port_info 4 /INPUT 1 "clk_out";
    .port_info 5 /INPUT 1 "WE";
    .port_info 6 /INPUT 1 "RE";
    .port_info 7 /OUTPUT 1 "n_empty";
L_0x7f9575a0b360 .functor NOT 1, L_0x7f9575a114e0, C4<0>, C4<0>, C4<0>;
L_0x7f9575a061e0 .functor NOT 1, L_0x7f9575a11bb0, C4<0>, C4<0>, C4<0>;
v0x7f95758073c0_0 .net "Din", 63 0, v0x7f9575817ea0_0;  1 drivers
v0x7f9575817480_0 .var "Dout", 63 0;
v0x7f9575817520 .array "RAM", 3 0, 63 0;
v0x7f95758175d0_0 .net "RE", 0 0, v0x7f9575818000_0;  1 drivers
v0x7f9575817660_0 .net "WE", 0 0, v0x7f95758180b0_0;  1 drivers
L_0x7f9575963008 .functor BUFT 1, C4<011>, C4<0>, C4<0>, C4<0>;
v0x7f9575817740_0 .net/2u *"_ivl_0", 2 0, L_0x7f9575963008;  1 drivers
v0x7f95758177f0_0 .net *"_ivl_2", 2 0, L_0x7f9575a05ba0;  1 drivers
v0x7f95758178a0_0 .net *"_ivl_4", 0 0, L_0x7f9575a114e0;  1 drivers
v0x7f9575817940_0 .net *"_ivl_8", 0 0, L_0x7f9575a11bb0;  1 drivers
v0x7f9575817a50_0 .net "clk_in", 0 0, v0x7f9575818160_0;  1 drivers
v0x7f9575817ae0_0 .net "clk_out", 0 0, v0x7f9575818230_0;  1 drivers
v0x7f9575817b80_0 .var "in_count", 2 0;
v0x7f9575817c30_0 .net "n_empty", 0 0, L_0x7f9575a061e0;  alias, 1 drivers
v0x7f9575817cd0_0 .net "n_full", 0 0, L_0x7f9575a0b360;  alias, 1 drivers
v0x7f9575817d70_0 .var "out_count", 2 0;
E_0x7f95758063f0 .event posedge, v0x7f9575817ae0_0;
E_0x7f9575807380 .event posedge, v0x7f9575817a50_0;
L_0x7f9575a05ba0 .arith/sum 3, v0x7f9575817d70_0, L_0x7f9575963008;
L_0x7f9575a114e0 .cmp/eq 3, v0x7f9575817b80_0, L_0x7f9575a05ba0;
L_0x7f9575a11bb0 .cmp/eq 3, v0x7f9575817b80_0, v0x7f9575817d70_0;
    .scope S_0x7f95758070a0;
T_0 ;
    %pushi/vec4 0, 0, 3;
    %store/vec4 v0x7f9575817b80_0, 0, 3;
    %pushi/vec4 0, 0, 3;
    %store/vec4 v0x7f9575817d70_0, 0, 3;
    %end;
    .thread T_0;
    .scope S_0x7f95758070a0;
T_1 ;
    %wait E_0x7f9575807380;
    %load/vec4 v0x7f9575817660_0;
    %flag_set/vec4 8;
    %jmp/0xz  T_1.0, 8;
    %load/vec4 v0x7f95758073c0_0;
    %load/vec4 v0x7f9575817b80_0;
    %parti/s 2, 0, 2;
    %pad/u 4;
    %ix/vec4 3;
    %ix/load 4, 0, 0; Constant delay
    %assign/vec4/a/d v0x7f9575817520, 0, 4;
    %load/vec4 v0x7f9575817b80_0;
    %parti/s 1, 2, 3;
    %load/vec4 v0x7f9575817d70_0;
    %parti/s 1, 2, 3;
    %and;
    %flag_set/vec4 8;
    %jmp/0xz  T_1.2, 8;
    %pushi/vec4 0, 0, 1;
    %load/vec4 v0x7f9575817b80_0;
    %parti/s 2, 0, 2;
    %concat/vec4; draw_concat_vec4
    %addi 1, 0, 3;
    %assign/vec4 v0x7f9575817b80_0, 0;
    %pushi/vec4 0, 0, 1;
    %load/vec4 v0x7f9575817d70_0;
    %parti/s 2, 0, 2;
    %concat/vec4; draw_concat_vec4
    %assign/vec4 v0x7f9575817d70_0, 0;
    %jmp T_1.3;
T_1.2 ;
    %load/vec4 v0x7f9575817b80_0;
    %addi 1, 0, 3;
    %assign/vec4 v0x7f9575817b80_0, 0;
T_1.3 ;
T_1.0 ;
    %jmp T_1;
    .thread T_1;
    .scope S_0x7f95758070a0;
T_2 ;
    %wait E_0x7f95758063f0;
    %load/vec4 v0x7f95758175d0_0;
    %flag_set/vec4 8;
    %jmp/0xz  T_2.0, 8;
    %load/vec4 v0x7f9575817d70_0;
    %parti/s 2, 0, 2;
    %pad/u 4;
    %ix/vec4 4;
    %load/vec4a v0x7f9575817520, 4;
    %assign/vec4 v0x7f9575817480_0, 0;
    %load/vec4 v0x7f9575817b80_0;
    %parti/s 1, 2, 3;
    %load/vec4 v0x7f9575817d70_0;
    %parti/s 1, 2, 3;
    %and;
    %flag_set/vec4 8;
    %jmp/0xz  T_2.2, 8;
    %pushi/vec4 0, 0, 1;
    %load/vec4 v0x7f9575817d70_0;
    %parti/s 2, 0, 2;
    %concat/vec4; draw_concat_vec4
    %addi 1, 0, 3;
    %assign/vec4 v0x7f9575817d70_0, 0;
    %pushi/vec4 0, 0, 1;
    %load/vec4 v0x7f9575817b80_0;
    %parti/s 2, 0, 2;
    %concat/vec4; draw_concat_vec4
    %assign/vec4 v0x7f9575817b80_0, 0;
    %jmp T_2.3;
T_2.2 ;
    %load/vec4 v0x7f9575817d70_0;
    %addi 1, 0, 3;
    %assign/vec4 v0x7f9575817d70_0, 0;
T_2.3 ;
T_2.0 ;
    %jmp T_2;
    .thread T_2;
    .scope S_0x7f9575806f30;
T_3 ;
    %pushi/vec4 1, 0, 64;
    %store/vec4 v0x7f9575817ea0_0, 0, 64;
    %end;
    .thread T_3;
    .scope S_0x7f9575806f30;
T_4 ;
    %vpi_call 2 14 "$dumpfile", "test_FIFO.vcd" {0 0 0};
    %vpi_call 2 15 "$dumpvars" {0 0 0};
    %end;
    .thread T_4;
    .scope S_0x7f9575806f30;
T_5 ;
    %pushi/vec4 0, 0, 1;
    %store/vec4 v0x7f9575818160_0, 0, 1;
T_5.0 ;
    %delay 5, 0;
    %load/vec4 v0x7f9575818160_0;
    %inv;
    %store/vec4 v0x7f9575818160_0, 0, 1;
    %jmp T_5.0;
    %end;
    .thread T_5;
    .scope S_0x7f9575806f30;
T_6 ;
    %pushi/vec4 0, 0, 1;
    %store/vec4 v0x7f9575818230_0, 0, 1;
T_6.0 ;
    %delay 7, 0;
    %load/vec4 v0x7f9575818230_0;
    %inv;
    %store/vec4 v0x7f9575818230_0, 0, 1;
    %jmp T_6.0;
    %end;
    .thread T_6;
    .scope S_0x7f9575806f30;
T_7 ;
    %wait E_0x7f9575807380;
    %load/vec4 v0x7f95758180b0_0;
    %flag_set/vec4 8;
    %jmp/0xz  T_7.0, 8;
    %load/vec4 v0x7f9575817ea0_0;
    %addi 1, 0, 64;
    %assign/vec4 v0x7f9575817ea0_0, 0;
T_7.0 ;
    %jmp T_7;
    .thread T_7;
    .scope S_0x7f9575806f30;
T_8 ;
    %wait E_0x7f9575806b00;
    %load/vec4 v0x7f9575818370_0;
    %store/vec4 v0x7f95758180b0_0, 0, 1;
    %jmp T_8;
    .thread T_8, $push;
    .scope S_0x7f9575806f30;
T_9 ;
    %wait E_0x7f9575806940;
    %load/vec4 v0x7f95758182c0_0;
    %store/vec4 v0x7f9575818000_0, 0, 1;
    %jmp T_9;
    .thread T_9, $push;
    .scope S_0x7f9575806f30;
T_10 ;
    %delay 500, 0;
    %vpi_call 2 48 "$finish" {0 0 0};
    %end;
    .thread T_10;
# The file index is used to find the file name in the following table.
:file_names 4;
    "N/A";
    "<interactive>";
    "test_FIFO.v";
    "./FIFO_64x4.v";
